flydsl_status=0
asm_status=0
asm_dump_status=0

Collected files:
perf_logs/mha_isa_dump/asm_kernel/co_candidates.txt
perf_logs/mha_isa_dump/asm_kernel/flydsl_dump_files.txt
perf_logs/mha_isa_dump/asm_kernel/fmha_bf16_pertokenBf16_hd128_128x256_varlen.co
perf_logs/mha_isa_dump/asm_kernel/fmha_bf16_pertokenBf16_hd128_128x256_varlen.isa.s
perf_logs/mha_isa_dump/asm_kernel/fmha_bf16_pertokenBf16_hd128_128x256_varlen.objdump.stderr
perf_logs/mha_isa_dump/asm_kernel/fmha_fwd_bf16_varlen.csv
perf_logs/mha_isa_dump/flydsl_kernel/files.txt
perf_logs/mha_isa_dump/flydsl_kernel/fmha_fwd_kernel_0/00_origin.mlir
perf_logs/mha_isa_dump/flydsl_kernel/fmha_fwd_kernel_0/01_fly_rewrite_func_signature.mlir
perf_logs/mha_isa_dump/flydsl_kernel/fmha_fwd_kernel_0/02_fly_canonicalize.mlir
perf_logs/mha_isa_dump/flydsl_kernel/fmha_fwd_kernel_0/03_fly_layout_lowering.mlir
perf_logs/mha_isa_dump/flydsl_kernel/fmha_fwd_kernel_0/04_fly_int_swizzle_simplify.mlir
perf_logs/mha_isa_dump/flydsl_kernel/fmha_fwd_kernel_0/05_canonicalize.mlir
perf_logs/mha_isa_dump/flydsl_kernel/fmha_fwd_kernel_0/06_fly_convert_atom_call_to_ssa_form.mlir
perf_logs/mha_isa_dump/flydsl_kernel/fmha_fwd_kernel_0/07_fly_promote_regmem_to_vectorssa.mlir
perf_logs/mha_isa_dump/flydsl_kernel/fmha_fwd_kernel_0/08_convert_fly_to_rocdl.mlir
perf_logs/mha_isa_dump/flydsl_kernel/fmha_fwd_kernel_0/09_canonicalize.mlir
perf_logs/mha_isa_dump/flydsl_kernel/fmha_fwd_kernel_0/10_convert_scf_to_cf_cse_convert_gpu_to_rocdl.mlir
perf_logs/mha_isa_dump/flydsl_kernel/fmha_fwd_kernel_0/11_rocdl_attach_target.mlir
perf_logs/mha_isa_dump/flydsl_kernel/fmha_fwd_kernel_0/12_convert_scf_to_cf.mlir
perf_logs/mha_isa_dump/flydsl_kernel/fmha_fwd_kernel_0/13_convert_cf_to_llvm.mlir
perf_logs/mha_isa_dump/flydsl_kernel/fmha_fwd_kernel_0/14_gpu_to_llvm.mlir
perf_logs/mha_isa_dump/flydsl_kernel/fmha_fwd_kernel_0/15_convert_vector_to_llvm.mlir
perf_logs/mha_isa_dump/flydsl_kernel/fmha_fwd_kernel_0/16_convert_arith_to_llvm.mlir
perf_logs/mha_isa_dump/flydsl_kernel/fmha_fwd_kernel_0/17_convert_func_to_llvm.mlir
perf_logs/mha_isa_dump/flydsl_kernel/fmha_fwd_kernel_0/18_reconcile_unrealized_casts.mlir
perf_logs/mha_isa_dump/flydsl_kernel/fmha_fwd_kernel_0/19_gpu_module_to_binary.mlir
perf_logs/mha_isa_dump/flydsl_kernel/fmha_fwd_kernel_0/20_llvm_ir.ll
perf_logs/mha_isa_dump/flydsl_kernel/fmha_fwd_kernel_0/21_final_isa.s
perf_logs/mha_isa_dump/logs/asm_code_object.log
perf_logs/mha_isa_dump/logs/asm_test.log
perf_logs/mha_isa_dump/logs/environment.log
perf_logs/mha_isa_dump/logs/flydsl_test.log
perf_logs/mha_isa_dump/summary.log
