Running prewarm-flydsl-cache: env PYTORCH_ALLOC_CONF=expandable_segments:True GPU_ARCHS=gfx1250 python op_tests/test_mha_flydsl_varlen.py --causal true --return_lse true -b 1 -nh 32 -sq 8192 -sk 8192 --random-value false --warmup 1 --repeat 1
[aiter] import [module_aiter_core] under /data/yanguahe/code/wk_sp1/aiter/aiter/jit/module_aiter_core.so
/data/yanguahe/code/wk_sp1/aiter/op_tests/test_mha_flydsl_varlen.py:221: UserWarning: expandable_segments not supported on this platform (Triggered internally at /__w/rocm-npi-dev/rocm-npi-dev/_therock/external-builds/pytorch/pytorch/c10/hip/HIPAllocatorConfig.h:40.)
  q = torch.full((total_q, H, HEAD_DIM_QK), 0.25, dtype=torch.bfloat16, device=device)
/data/yanguahe/code/wk_sp1/FlyDSL/python/flydsl/compiler/jit_function.py:1628: UserWarning: @jit parameter 'ptr_O' is annotated as 'Pointer', but the argument resolves to 'Tensor'. The annotation is not enforced; the actual value type is used.
  jf(*args)
/data/yanguahe/code/wk_sp1/FlyDSL/python/flydsl/compiler/jit_function.py:1628: UserWarning: @jit parameter 'ptr_Q' is annotated as 'Pointer', but the argument resolves to 'Tensor'. The annotation is not enforced; the actual value type is used.
  jf(*args)
/data/yanguahe/code/wk_sp1/FlyDSL/python/flydsl/compiler/jit_function.py:1628: UserWarning: @jit parameter 'ptr_K' is annotated as 'Pointer', but the argument resolves to 'Tensor'. The annotation is not enforced; the actual value type is used.
  jf(*args)
/data/yanguahe/code/wk_sp1/FlyDSL/python/flydsl/compiler/jit_function.py:1628: UserWarning: @jit parameter 'ptr_V' is annotated as 'Pointer', but the argument resolves to 'Tensor'. The annotation is not enforced; the actual value type is used.
  jf(*args)
/data/yanguahe/code/wk_sp1/FlyDSL/python/flydsl/compiler/jit_function.py:1628: UserWarning: @jit parameter 'ptr_LSE' is annotated as 'Pointer', but the argument resolves to 'Tensor'. The annotation is not enforced; the actual value type is used.
  jf(*args)
/data/yanguahe/code/wk_sp1/FlyDSL/python/flydsl/compiler/jit_function.py:1628: UserWarning: @jit parameter 'ptr_cu_seqlens_q' is annotated as 'Pointer', but the argument resolves to 'Tensor'. The annotation is not enforced; the actual value type is used.
  jf(*args)
/data/yanguahe/code/wk_sp1/FlyDSL/python/flydsl/compiler/jit_function.py:1628: UserWarning: @jit parameter 'ptr_cu_seqlens_k' is annotated as 'Pointer', but the argument resolves to 'Tensor'. The annotation is not enforced; the actual value type is used.
  jf(*args)
/data/yanguahe/code/wk_sp1/FlyDSL/python/flydsl/compiler/kernel_function.py:580: UserWarning: @kernel parameter 'ptr_O' is annotated as 'Pointer', but the argument resolves to 'Tensor'. The annotation is not enforced; the actual value type is used.
  kernel_args, gpu_func_op, smem_bytes = self._emit_kernel(ctx, args, kwargs, bound_self=bound_self)
/data/yanguahe/code/wk_sp1/FlyDSL/python/flydsl/compiler/kernel_function.py:580: UserWarning: @kernel parameter 'ptr_Q' is annotated as 'Pointer', but the argument resolves to 'Tensor'. The annotation is not enforced; the actual value type is used.
  kernel_args, gpu_func_op, smem_bytes = self._emit_kernel(ctx, args, kwargs, bound_self=bound_self)
/data/yanguahe/code/wk_sp1/FlyDSL/python/flydsl/compiler/kernel_function.py:580: UserWarning: @kernel parameter 'ptr_K' is annotated as 'Pointer', but the argument resolves to 'Tensor'. The annotation is not enforced; the actual value type is used.
  kernel_args, gpu_func_op, smem_bytes = self._emit_kernel(ctx, args, kwargs, bound_self=bound_self)
/data/yanguahe/code/wk_sp1/FlyDSL/python/flydsl/compiler/kernel_function.py:580: UserWarning: @kernel parameter 'ptr_V' is annotated as 'Pointer', but the argument resolves to 'Tensor'. The annotation is not enforced; the actual value type is used.
  kernel_args, gpu_func_op, smem_bytes = self._emit_kernel(ctx, args, kwargs, bound_self=bound_self)
/data/yanguahe/code/wk_sp1/FlyDSL/python/flydsl/compiler/kernel_function.py:580: UserWarning: @kernel parameter 'ptr_LSE' is annotated as 'Pointer', but the argument resolves to 'Tensor'. The annotation is not enforced; the actual value type is used.
  kernel_args, gpu_func_op, smem_bytes = self._emit_kernel(ctx, args, kwargs, bound_self=bound_self)
/data/yanguahe/code/wk_sp1/FlyDSL/python/flydsl/compiler/kernel_function.py:580: UserWarning: @kernel parameter 'ptr_cu_seqlens_q' is annotated as 'Pointer', but the argument resolves to 'Tensor'. The annotation is not enforced; the actual value type is used.
  kernel_args, gpu_func_op, smem_bytes = self._emit_kernel(ctx, args, kwargs, bound_self=bound_self)
/data/yanguahe/code/wk_sp1/FlyDSL/python/flydsl/compiler/kernel_function.py:580: UserWarning: @kernel parameter 'ptr_cu_seqlens_k' is annotated as 'Pointer', but the argument resolves to 'Tensor'. The annotation is not enforced; the actual value type is used.
  kernel_args, gpu_func_op, smem_bytes = self._emit_kernel(ctx, args, kwargs, bound_self=bound_self)
[aiter]   [B=1 H=32 seqs=[8192] causal=True lse=True kernel=flydsl] out: [checkAllclose atol=0.01 rtol=0.01 [32mpassed~[0m]
[aiter]   [B=1 H=32 seqs=[8192] causal=True lse=True kernel=flydsl] lse batch 0 (sq=8192): [checkAllclose atol=0.01 rtol=0.01 [32mpassed~[0m]
[aiter] flydsl_mha_varlen summary:
 B  H seqs_q seqs_k  causal  lse kernel  avg_us  tflops  pass
 1 32 [8192] [8192]    True True flydsl  572.82 1199.68  True
============================================================
FlyDSL MHA Varlen Tests
============================================================
  [B=1 H=32 seqs=[8192] causal=True lse=True kernel=flydsl] avg: 0.573ms (572.8 us)  1199.7 TFLOPS

============================================================
1/1 passed
============================================================
prewarm-flydsl-cache exit status: 0
