Running advanced-thread-trace-fmha_fwd_kernel_0: rocprofv3 -E perf_logs/mha_flydsl_varlen_nh32_s8192_thread_trace/input.yaml -- env PYTORCH_ALLOC_CONF=expandable_segments:True GPU_ARCHS=gfx1250 python op_tests/test_mha_flydsl_varlen.py --causal true --return_lse true -b 1 -nh 32 -sq 8192 -sk 8192 --random-value false --warmup 5 --repeat 20
[rocprofv3] Warning: No tracing options were enabled.
W20260702 13:28:17.195018 131409313204544 simple_timer.cpp:55] [rocprofv3] tool initialization ::     0.000053 sec
W20260702 13:28:17.195342 131409313204544 simple_timer.cpp:55] [rocprofv3] 'env PYTORCH_ALLOC_CONF=expandable_segments:True GPU_ARCHS=gfx1250 python op_tests/test_mha_flydsl_varlen.py --causal true --return_lse true -b 1 -nh 32 -sq 8192 -sk 8192 --random-value false --warmup 5 --repeat 20' ::     0.000000 sec
W20260702 13:28:17.219365 138395238234432 simple_timer.cpp:55] [rocprofv3] tool initialization ::     0.000043 sec
W20260702 13:28:17.219625 138395238234432 simple_timer.cpp:55] [rocprofv3] 'python op_tests/test_mha_flydsl_varlen.py --causal true --return_lse true -b 1 -nh 32 -sq 8192 -sk 8192 --random-value false --warmup 5 --repeat 20' ::     0.000000 sec
W20260702 13:28:17.466918 131879848044864 simple_timer.cpp:55] [rocprofv3] tool initialization ::     0.000052 sec
W20260702 13:28:17.467248 131879848044864 simple_timer.cpp:55] [rocprofv3] '/opt/venv/bin/python /opt/venv/bin/offload-arch' ::     0.000000 sec
W20260702 13:28:17.520166 125864059173248 simple_timer.cpp:55] [rocprofv3] tool initialization ::     0.000043 sec
W20260702 13:28:17.520455 125864059173248 simple_timer.cpp:55] [rocprofv3] '/opt/venv/lib/python3.12/site-packages/_rocm_sdk_core/lib/llvm/bin/offload-arch' ::     0.000000 sec
W20260702 13:28:17.520680 125864059173248 simple_timer.cpp:55] [rocprofv3] '/opt/venv/lib/python3.12/site-packages/_rocm_sdk_core/lib/llvm/bin/offload-arch' ::     0.000226 sec
W20260702 13:28:17.520713 125864059173248 simple_timer.cpp:55] [rocprofv3] output generation ::     0.000012 sec
W20260702 13:28:17.520830 125864059173248 simple_timer.cpp:55] [rocprofv3] tool finalization ::     0.000132 sec
W20260702 13:28:19.217873 129063714429248 simple_timer.cpp:55] [rocprofv3] tool initialization ::     0.000056 sec
W20260702 13:28:19.218196 129063714429248 simple_timer.cpp:55] [rocprofv3] '/opt/venv/bin/python /opt/venv/bin/hipconfig --version' ::     0.000000 sec
W20260702 13:28:19.260658 139223212038464 simple_timer.cpp:55] [rocprofv3] tool initialization ::     0.000041 sec
W20260702 13:28:19.260933 139223212038464 simple_timer.cpp:55] [rocprofv3] '/opt/venv/lib/python3.12/site-packages/_rocm_sdk_core/bin/hipconfig --version' ::     0.000000 sec
W20260702 13:28:19.285146 140581040073024 simple_timer.cpp:55] [rocprofv3] tool initialization ::     0.000038 sec
W20260702 13:28:19.285362 140581040073024 simple_timer.cpp:55] [rocprofv3] 'sh -c -- /opt/venv/lib/python3.12/site-packages/_rocm_sdk_devel/lib/llvm/bin/clang++ --version' ::     0.000000 sec
W20260702 13:28:19.309812 137530011134272 simple_timer.cpp:55] [rocprofv3] tool initialization ::     0.000040 sec
W20260702 13:28:19.310065 137530011134272 simple_timer.cpp:55] [rocprofv3] '/opt/venv/lib/python3.12/site-packages/_rocm_sdk_devel/lib/llvm/bin/clang++ --version' ::     0.000000 sec
W20260702 13:28:19.333138 132833334663488 simple_timer.cpp:55] [rocprofv3] tool initialization ::     0.000040 sec
W20260702 13:28:19.333360 132833334663488 simple_timer.cpp:55] [rocprofv3] '/opt/venv/lib/python3.12/site-packages/_rocm_sdk_devel/lib/llvm/bin/clang++ --version' ::     0.000000 sec
W20260702 13:28:19.377012 129811592694144 simple_timer.cpp:55] [rocprofv3] tool initialization ::     0.000051 sec
W20260702 13:28:19.377331 129811592694144 simple_timer.cpp:55] [rocprofv3] '/opt/venv/lib/python3.12/site-packages/_rocm_sdk_devel/lib/llvm/bin/clang++ --version' ::     0.000000 sec
W20260702 13:28:19.378401 129811592694144 simple_timer.cpp:55] [rocprofv3] '/opt/venv/lib/python3.12/site-packages/_rocm_sdk_devel/lib/llvm/bin/clang++ --version' ::     0.001070 sec
W20260702 13:28:19.378438 129811592694144 simple_timer.cpp:55] [rocprofv3] output generation ::     0.000015 sec
W20260702 13:28:19.378559 129811592694144 simple_timer.cpp:55] [rocprofv3] tool finalization ::     0.000140 sec
W20260702 13:28:19.380579 139223212038464 simple_timer.cpp:55] [rocprofv3] '/opt/venv/lib/python3.12/site-packages/_rocm_sdk_core/bin/hipconfig --version' ::     0.119646 sec
W20260702 13:28:19.380625 139223212038464 simple_timer.cpp:55] [rocprofv3] output generation ::     0.000014 sec
W20260702 13:28:19.380693 139223212038464 simple_timer.cpp:55] [rocprofv3] tool finalization ::     0.000085 sec
W20260702 13:28:19.424060 136422482114880 simple_timer.cpp:55] [rocprofv3] tool initialization ::     0.000042 sec
W20260702 13:28:19.424301 136422482114880 simple_timer.cpp:55] [rocprofv3] '/bin/sh -c cat /proc/sys/kernel/numa_balancing' ::     0.000000 sec
W20260702 13:28:19.450614 138816217700672 simple_timer.cpp:55] [rocprofv3] tool initialization ::     0.000046 sec
W20260702 13:28:19.450887 138816217700672 simple_timer.cpp:55] [rocprofv3] 'cat /proc/sys/kernel/numa_balancing' ::     0.000000 sec
W20260702 13:28:19.451049 138816217700672 simple_timer.cpp:55] [rocprofv3] 'cat /proc/sys/kernel/numa_balancing' ::     0.000162 sec
W20260702 13:28:19.451070 138816217700672 simple_timer.cpp:55] [rocprofv3] output generation ::     0.000005 sec
W20260702 13:28:19.451129 138816217700672 simple_timer.cpp:55] [rocprofv3] tool finalization ::     0.000066 sec
[aiter] import [module_aiter_core] under /data/yanguahe/code/wk_sp1/aiter/aiter/jit/module_aiter_core.so
W20260702 13:28:19.625151 138395238234432 tool.cpp:2429] HSA version 1.18.0 initialized (instance=0)
W20260702 13:28:19.664738 133656319330624 simple_timer.cpp:55] [rocprofv3] tool initialization ::     0.000050 sec
W20260702 13:28:19.665019 133656319330624 simple_timer.cpp:55] [rocprofv3] '/bin/sh /sbin/ldconfig -p' ::     0.000000 sec
/data/yanguahe/code/wk_sp1/aiter/op_tests/test_mha_flydsl_varlen.py:221: UserWarning: expandable_segments not supported on this platform (Triggered internally at /__w/rocm-npi-dev/rocm-npi-dev/_therock/external-builds/pytorch/pytorch/c10/hip/HIPAllocatorConfig.h:40.)
  q = torch.full((total_q, H, HEAD_DIM_QK), 0.25, dtype=torch.bfloat16, device=device)
[aiter]   [B=1 H=32 seqs=[8192] causal=True lse=True kernel=flydsl] out: [checkAllclose atol=0.01 rtol=0.01 [32mpassed~[0m]
[aiter]   [B=1 H=32 seqs=[8192] causal=True lse=True kernel=flydsl] lse batch 0 (sq=8192): [checkAllclose atol=0.01 rtol=0.01 [32mpassed~[0m]
[aiter] flydsl_mha_varlen summary:
 B  H seqs_q seqs_k  causal  lse kernel  avg_us  tflops  pass
 1 32 [8192] [8192]    True True flydsl  414.67  1657.2  True
============================================================
FlyDSL MHA Varlen Tests
============================================================
  [B=1 H=32 seqs=[8192] causal=True lse=True kernel=flydsl] avg: 0.415ms (414.7 us)  1657.2 TFLOPS

============================================================
1/1 passed
============================================================
W20260702 13:28:24.454274 138395238234432 simple_timer.cpp:55] [rocprofv3] 'python op_tests/test_mha_flydsl_varlen.py --causal true --return_lse true -b 1 -nh 32 -sq 8192 -sk 8192 --random-value false --warmup 5 --repeat 20' ::     7.234649 sec
W20260702 13:28:24.463541 138395238234432 simple_timer.cpp:55] [rocprofv3] output generation ::     0.000018 sec
W20260702 13:28:24.465123 138395238234432 simple_timer.cpp:55] [rocprofv3] tool finalization ::     0.001606 sec
advanced-thread-trace-fmha_fwd_kernel_0 exit status: 0
