Running kernel-trace-stats: rocprofv3 --kernel-trace --stats -d perf_logs/mha_flydsl_varlen_nh32_s8192_thread_trace/kernel_trace -- env PYTORCH_ALLOC_CONF=expandable_segments:True GPU_ARCHS=gfx1250 FLYDSL_DUMP_IR=1 FLYDSL_DUMP_DIR=./flydsl_dump python op_tests/test_mha_flydsl_varlen.py --causal true --return_lse true -b 1 -nh 32 -sq 8192 -sk 8192 --random-value false --warmup 5 --repeat 20
W20260702 13:27:04.717561 140500197632320 simple_timer.cpp:55] [rocprofv3] tool initialization ::     0.000657 sec
W20260702 13:27:04.717757 140500197632320 simple_timer.cpp:55] [rocprofv3] 'env PYTORCH_ALLOC_CONF=expandable_segments:True GPU_ARCHS=gfx1250 FLYDSL_DUMP_IR=1 FLYDSL_DUMP_DIR=./flydsl_dump python op_tests/test_mha_flydsl_varlen.py --causal true --return_lse true -b 1 -nh 32 -sq 8192 -sk 8192 --random-value false --warmup 5 --repeat 20' ::     0.000000 sec
W20260702 13:27:04.742043 126721231788352 simple_timer.cpp:55] [rocprofv3] tool initialization ::     0.000883 sec
W20260702 13:27:04.742164 126721231788352 simple_timer.cpp:55] [rocprofv3] 'python op_tests/test_mha_flydsl_varlen.py --causal true --return_lse true -b 1 -nh 32 -sq 8192 -sk 8192 --random-value false --warmup 5 --repeat 20' ::     0.000000 sec
W20260702 13:27:04.992859 132510140868928 simple_timer.cpp:55] [rocprofv3] tool initialization ::     0.000645 sec
W20260702 13:27:04.993042 132510140868928 simple_timer.cpp:55] [rocprofv3] '/opt/venv/bin/python /opt/venv/bin/offload-arch' ::     0.000000 sec
W20260702 13:27:05.046610 135444934011264 simple_timer.cpp:55] [rocprofv3] tool initialization ::     0.000471 sec
W20260702 13:27:05.046757 135444934011264 simple_timer.cpp:55] [rocprofv3] '/opt/venv/lib/python3.12/site-packages/_rocm_sdk_core/lib/llvm/bin/offload-arch' ::     0.000000 sec
W20260702 13:27:05.047450 135444934011264 simple_timer.cpp:55] [rocprofv3] '/opt/venv/lib/python3.12/site-packages/_rocm_sdk_core/lib/llvm/bin/offload-arch' ::     0.000693 sec
W20260702 13:27:05.048283 135444934011264 simple_timer.cpp:55] [rocprofv3] output generation ::     0.000725 sec
W20260702 13:27:05.048415 135444934011264 simple_timer.cpp:55] [rocprofv3] tool finalization ::     0.000947 sec
W20260702 13:27:06.708487 133595823384896 simple_timer.cpp:55] [rocprofv3] tool initialization ::     0.000672 sec
W20260702 13:27:06.708660 133595823384896 simple_timer.cpp:55] [rocprofv3] '/opt/venv/bin/python /opt/venv/bin/hipconfig --version' ::     0.000000 sec
W20260702 13:27:06.751975 128354111060288 simple_timer.cpp:55] [rocprofv3] tool initialization ::     0.000579 sec
W20260702 13:27:06.752109 128354111060288 simple_timer.cpp:55] [rocprofv3] '/opt/venv/lib/python3.12/site-packages/_rocm_sdk_core/bin/hipconfig --version' ::     0.000000 sec
W20260702 13:27:06.775533 135392238373184 simple_timer.cpp:55] [rocprofv3] tool initialization ::     0.000607 sec
W20260702 13:27:06.775643 135392238373184 simple_timer.cpp:55] [rocprofv3] 'sh -c -- /opt/venv/lib/python3.12/site-packages/_rocm_sdk_devel/lib/llvm/bin/clang++ --version' ::     0.000000 sec
W20260702 13:27:06.802895 128149532608832 simple_timer.cpp:55] [rocprofv3] tool initialization ::     0.000668 sec
W20260702 13:27:06.803100 128149532608832 simple_timer.cpp:55] [rocprofv3] '/opt/venv/lib/python3.12/site-packages/_rocm_sdk_devel/lib/llvm/bin/clang++ --version' ::     0.000000 sec
W20260702 13:27:06.828936 123716588349760 simple_timer.cpp:55] [rocprofv3] tool initialization ::     0.000617 sec
W20260702 13:27:06.829055 123716588349760 simple_timer.cpp:55] [rocprofv3] '/opt/venv/lib/python3.12/site-packages/_rocm_sdk_devel/lib/llvm/bin/clang++ --version' ::     0.000000 sec
W20260702 13:27:06.873891 127494962358656 simple_timer.cpp:55] [rocprofv3] tool initialization ::     0.000320 sec
W20260702 13:27:06.874064 127494962358656 simple_timer.cpp:55] [rocprofv3] '/opt/venv/lib/python3.12/site-packages/_rocm_sdk_devel/lib/llvm/bin/clang++ --version' ::     0.000000 sec
W20260702 13:27:06.875162 127494962358656 simple_timer.cpp:55] [rocprofv3] '/opt/venv/lib/python3.12/site-packages/_rocm_sdk_devel/lib/llvm/bin/clang++ --version' ::     0.001098 sec
W20260702 13:27:06.875837 127494962358656 simple_timer.cpp:55] [rocprofv3] output generation ::     0.000576 sec
W20260702 13:27:06.875959 127494962358656 simple_timer.cpp:55] [rocprofv3] tool finalization ::     0.000779 sec
W20260702 13:27:06.878586 128354111060288 simple_timer.cpp:55] [rocprofv3] '/opt/venv/lib/python3.12/site-packages/_rocm_sdk_core/bin/hipconfig --version' ::     0.126477 sec
W20260702 13:27:06.879150 128354111060288 simple_timer.cpp:55] [rocprofv3] output generation ::     0.000469 sec
W20260702 13:27:06.879222 128354111060288 simple_timer.cpp:55] [rocprofv3] tool finalization ::     0.000608 sec
W20260702 13:27:06.922677 125646157777216 simple_timer.cpp:55] [rocprofv3] tool initialization ::     0.000622 sec
W20260702 13:27:06.922808 125646157777216 simple_timer.cpp:55] [rocprofv3] '/bin/sh -c cat /proc/sys/kernel/numa_balancing' ::     0.000000 sec
W20260702 13:27:06.949371 131572116584768 simple_timer.cpp:55] [rocprofv3] tool initialization ::     0.000648 sec
W20260702 13:27:06.949510 131572116584768 simple_timer.cpp:55] [rocprofv3] 'cat /proc/sys/kernel/numa_balancing' ::     0.000000 sec
W20260702 13:27:06.949679 131572116584768 simple_timer.cpp:55] [rocprofv3] 'cat /proc/sys/kernel/numa_balancing' ::     0.000169 sec
W20260702 13:27:06.950213 131572116584768 simple_timer.cpp:55] [rocprofv3] output generation ::     0.000436 sec
W20260702 13:27:06.950279 131572116584768 simple_timer.cpp:55] [rocprofv3] tool finalization ::     0.000587 sec
[aiter] import [module_aiter_core] under /data/yanguahe/code/wk_sp1/aiter/aiter/jit/module_aiter_core.so
W20260702 13:27:07.150986 126721231788352 tool.cpp:2429] HSA version 1.18.0 initialized (instance=0)
W20260702 13:27:07.194611 130549109057856 simple_timer.cpp:55] [rocprofv3] tool initialization ::     0.000983 sec
W20260702 13:27:07.194776 130549109057856 simple_timer.cpp:55] [rocprofv3] '/bin/sh /sbin/ldconfig -p' ::     0.000000 sec
/data/yanguahe/code/wk_sp1/aiter/op_tests/test_mha_flydsl_varlen.py:221: UserWarning: expandable_segments not supported on this platform (Triggered internally at /__w/rocm-npi-dev/rocm-npi-dev/_therock/external-builds/pytorch/pytorch/c10/hip/HIPAllocatorConfig.h:40.)
  q = torch.full((total_q, H, HEAD_DIM_QK), 0.25, dtype=torch.bfloat16, device=device)
/data/yanguahe/code/wk_sp1/FlyDSL/python/flydsl/compiler/jit_function.py:1628: UserWarning: @jit parameter 'ptr_O' is annotated as 'Pointer', but the argument resolves to 'Tensor'. The annotation is not enforced; the actual value type is used.
  jf(*args)
/data/yanguahe/code/wk_sp1/FlyDSL/python/flydsl/compiler/jit_function.py:1628: UserWarning: @jit parameter 'ptr_Q' is annotated as 'Pointer', but the argument resolves to 'Tensor'. The annotation is not enforced; the actual value type is used.
  jf(*args)
/data/yanguahe/code/wk_sp1/FlyDSL/python/flydsl/compiler/jit_function.py:1628: UserWarning: @jit parameter 'ptr_K' is annotated as 'Pointer', but the argument resolves to 'Tensor'. The annotation is not enforced; the actual value type is used.
  jf(*args)
/data/yanguahe/code/wk_sp1/FlyDSL/python/flydsl/compiler/jit_function.py:1628: UserWarning: @jit parameter 'ptr_V' is annotated as 'Pointer', but the argument resolves to 'Tensor'. The annotation is not enforced; the actual value type is used.
  jf(*args)
/data/yanguahe/code/wk_sp1/FlyDSL/python/flydsl/compiler/jit_function.py:1628: UserWarning: @jit parameter 'ptr_LSE' is annotated as 'Pointer', but the argument resolves to 'Tensor'. The annotation is not enforced; the actual value type is used.
  jf(*args)
/data/yanguahe/code/wk_sp1/FlyDSL/python/flydsl/compiler/jit_function.py:1628: UserWarning: @jit parameter 'ptr_cu_seqlens_q' is annotated as 'Pointer', but the argument resolves to 'Tensor'. The annotation is not enforced; the actual value type is used.
  jf(*args)
/data/yanguahe/code/wk_sp1/FlyDSL/python/flydsl/compiler/jit_function.py:1628: UserWarning: @jit parameter 'ptr_cu_seqlens_k' is annotated as 'Pointer', but the argument resolves to 'Tensor'. The annotation is not enforced; the actual value type is used.
  jf(*args)
/data/yanguahe/code/wk_sp1/FlyDSL/python/flydsl/compiler/kernel_function.py:580: UserWarning: @kernel parameter 'ptr_O' is annotated as 'Pointer', but the argument resolves to 'Tensor'. The annotation is not enforced; the actual value type is used.
  kernel_args, gpu_func_op, smem_bytes = self._emit_kernel(ctx, args, kwargs, bound_self=bound_self)
/data/yanguahe/code/wk_sp1/FlyDSL/python/flydsl/compiler/kernel_function.py:580: UserWarning: @kernel parameter 'ptr_Q' is annotated as 'Pointer', but the argument resolves to 'Tensor'. The annotation is not enforced; the actual value type is used.
  kernel_args, gpu_func_op, smem_bytes = self._emit_kernel(ctx, args, kwargs, bound_self=bound_self)
/data/yanguahe/code/wk_sp1/FlyDSL/python/flydsl/compiler/kernel_function.py:580: UserWarning: @kernel parameter 'ptr_K' is annotated as 'Pointer', but the argument resolves to 'Tensor'. The annotation is not enforced; the actual value type is used.
  kernel_args, gpu_func_op, smem_bytes = self._emit_kernel(ctx, args, kwargs, bound_self=bound_self)
/data/yanguahe/code/wk_sp1/FlyDSL/python/flydsl/compiler/kernel_function.py:580: UserWarning: @kernel parameter 'ptr_V' is annotated as 'Pointer', but the argument resolves to 'Tensor'. The annotation is not enforced; the actual value type is used.
  kernel_args, gpu_func_op, smem_bytes = self._emit_kernel(ctx, args, kwargs, bound_self=bound_self)
/data/yanguahe/code/wk_sp1/FlyDSL/python/flydsl/compiler/kernel_function.py:580: UserWarning: @kernel parameter 'ptr_LSE' is annotated as 'Pointer', but the argument resolves to 'Tensor'. The annotation is not enforced; the actual value type is used.
  kernel_args, gpu_func_op, smem_bytes = self._emit_kernel(ctx, args, kwargs, bound_self=bound_self)
/data/yanguahe/code/wk_sp1/FlyDSL/python/flydsl/compiler/kernel_function.py:580: UserWarning: @kernel parameter 'ptr_cu_seqlens_q' is annotated as 'Pointer', but the argument resolves to 'Tensor'. The annotation is not enforced; the actual value type is used.
  kernel_args, gpu_func_op, smem_bytes = self._emit_kernel(ctx, args, kwargs, bound_self=bound_self)
/data/yanguahe/code/wk_sp1/FlyDSL/python/flydsl/compiler/kernel_function.py:580: UserWarning: @kernel parameter 'ptr_cu_seqlens_k' is annotated as 'Pointer', but the argument resolves to 'Tensor'. The annotation is not enforced; the actual value type is used.
  kernel_args, gpu_func_op, smem_bytes = self._emit_kernel(ctx, args, kwargs, bound_self=bound_self)
W20260702 13:27:41.535672 123485831269888 simple_timer.cpp:55] [rocprofv3] tool initialization ::     0.000673 sec
W20260702 13:27:41.537328 123485831269888 simple_timer.cpp:55] [rocprofv3] 'ld.lld -shared /tmp/kernel10-e129c0.o -o /tmp/kernel-9464f5.hsaco' ::     0.000000 sec
[aiter]   [B=1 H=32 seqs=[8192] causal=True lse=True kernel=flydsl] out: [checkAllclose atol=0.01 rtol=0.01 [32mpassed~[0m]
[aiter]   [B=1 H=32 seqs=[8192] causal=True lse=True kernel=flydsl] lse batch 0 (sq=8192): [checkAllclose atol=0.01 rtol=0.01 [32mpassed~[0m]
[aiter] flydsl_mha_varlen summary:
 B  H seqs_q seqs_k  causal  lse kernel  avg_us  tflops  pass
 1 32 [8192] [8192]    True True flydsl  423.82 1621.44  True
============================================================
FlyDSL MHA Varlen Tests
============================================================
[flydsl.compile] FLYDSL_DUMP_IR=1 dir=/data/yanguahe/code/wk_sp1/aiter/flydsl_dump/fmha_fwd_kernel_0
[flydsl.compile] dump 00_origin -> /data/yanguahe/code/wk_sp1/aiter/flydsl_dump/fmha_fwd_kernel_0/00_origin.mlir
[flydsl.compile] dump 01_fly_rewrite_func_signature -> /data/yanguahe/code/wk_sp1/aiter/flydsl_dump/fmha_fwd_kernel_0/01_fly_rewrite_func_signature.mlir
[flydsl.compile] dump 02_fly_canonicalize -> /data/yanguahe/code/wk_sp1/aiter/flydsl_dump/fmha_fwd_kernel_0/02_fly_canonicalize.mlir
[flydsl.compile] dump 03_fly_layout_lowering -> /data/yanguahe/code/wk_sp1/aiter/flydsl_dump/fmha_fwd_kernel_0/03_fly_layout_lowering.mlir
[flydsl.compile] dump 04_fly_int_swizzle_simplify -> /data/yanguahe/code/wk_sp1/aiter/flydsl_dump/fmha_fwd_kernel_0/04_fly_int_swizzle_simplify.mlir
[flydsl.compile] dump 05_canonicalize -> /data/yanguahe/code/wk_sp1/aiter/flydsl_dump/fmha_fwd_kernel_0/05_canonicalize.mlir
[flydsl.compile] dump 06_fly_convert_atom_call_to_ssa_form -> /data/yanguahe/code/wk_sp1/aiter/flydsl_dump/fmha_fwd_kernel_0/06_fly_convert_atom_call_to_ssa_form.mlir
[flydsl.compile] dump 07_fly_promote_regmem_to_vectorssa -> /data/yanguahe/code/wk_sp1/aiter/flydsl_dump/fmha_fwd_kernel_0/07_fly_promote_regmem_to_vectorssa.mlir
[flydsl.compile] dump 08_convert_fly_to_rocdl -> /data/yanguahe/code/wk_sp1/aiter/flydsl_dump/fmha_fwd_kernel_0/08_convert_fly_to_rocdl.mlir
[flydsl.compile] dump 09_canonicalize -> /data/yanguahe/code/wk_sp1/aiter/flydsl_dump/fmha_fwd_kernel_0/09_canonicalize.mlir
[flydsl.compile] dump 10_convert_scf_to_cf_cse_convert_gpu_to_rocdl -> /data/yanguahe/code/wk_sp1/aiter/flydsl_dump/fmha_fwd_kernel_0/10_convert_scf_to_cf_cse_convert_gpu_to_rocdl.mlir
[flydsl.compile] dump 11_rocdl_attach_target -> /data/yanguahe/code/wk_sp1/aiter/flydsl_dump/fmha_fwd_kernel_0/11_rocdl_attach_target.mlir
[flydsl.compile] dump 12_convert_scf_to_cf -> /data/yanguahe/code/wk_sp1/aiter/flydsl_dump/fmha_fwd_kernel_0/12_convert_scf_to_cf.mlir
[flydsl.compile] dump 13_convert_cf_to_llvm -> /data/yanguahe/code/wk_sp1/aiter/flydsl_dump/fmha_fwd_kernel_0/13_convert_cf_to_llvm.mlir
[flydsl.compile] dump 14_gpu_to_llvm -> /data/yanguahe/code/wk_sp1/aiter/flydsl_dump/fmha_fwd_kernel_0/14_gpu_to_llvm.mlir
[flydsl.compile] dump 15_convert_vector_to_llvm -> /data/yanguahe/code/wk_sp1/aiter/flydsl_dump/fmha_fwd_kernel_0/15_convert_vector_to_llvm.mlir
[flydsl.compile] dump 16_convert_arith_to_llvm -> /data/yanguahe/code/wk_sp1/aiter/flydsl_dump/fmha_fwd_kernel_0/16_convert_arith_to_llvm.mlir
[flydsl.compile] dump 17_convert_func_to_llvm -> /data/yanguahe/code/wk_sp1/aiter/flydsl_dump/fmha_fwd_kernel_0/17_convert_func_to_llvm.mlir
[flydsl.compile] dump 18_reconcile_unrealized_casts -> /data/yanguahe/code/wk_sp1/aiter/flydsl_dump/fmha_fwd_kernel_0/18_reconcile_unrealized_casts.mlir
[flydsl.compile] dump 19_gpu_module_to_binary -> /data/yanguahe/code/wk_sp1/aiter/flydsl_dump/fmha_fwd_kernel_0/19_gpu_module_to_binary.mlir
[flydsl.compile] dump 20_llvm_ir -> /data/yanguahe/code/wk_sp1/aiter/flydsl_dump/fmha_fwd_kernel_0/20_llvm_ir.ll
[flydsl.compile] dump 21_final_isa -> /data/yanguahe/code/wk_sp1/aiter/flydsl_dump/fmha_fwd_kernel_0/21_final_isa.s
  [B=1 H=32 seqs=[8192] causal=True lse=True kernel=flydsl] avg: 0.424ms (423.8 us)  1621.4 TFLOPS

============================================================
1/1 passed
============================================================
W20260702 13:27:44.526815 126721231788352 simple_timer.cpp:55] [rocprofv3] 'python op_tests/test_mha_flydsl_varlen.py --causal true --return_lse true -b 1 -nh 32 -sq 8192 -sk 8192 --random-value false --warmup 5 --repeat 20' ::    39.784651 sec
W20260702 13:27:44.576515 126721231788352 generateRocpd.cpp:583] writing SQL database for process 5423 on node 2161002656
E20260702 13:27:44.580593 126721231788352 generateRocpd.cpp:606] Opened result file: perf_logs/mha_flydsl_varlen_nh32_s8192_thread_trace/kernel_trace/heliosr-2b805-b8-2/5423_results.db (UUID=000001f8-1e20-7e20-97bf-66ac3cca9e9a)
W20260702 13:27:45.055784 126721231788352 simple_timer.cpp:55] SQLite3 generation :: rocpd_string             ::     0.161407 sec
W20260702 13:27:45.061835 126721231788352 simple_timer.cpp:55] SQLite3 generation :: rocpd_info_node          ::     0.006028 sec
W20260702 13:27:45.066916 126721231788352 simple_timer.cpp:55] SQLite3 generation :: rocpd_info_process       ::     0.005074 sec
W20260702 13:27:45.082252 126721231788352 simple_timer.cpp:55] SQLite3 generation :: rocpd_info_agent         ::     0.006228 sec
W20260702 13:27:45.082269 126721231788352 simple_timer.cpp:55] SQLite3 generation :: rocpd_info_pmc           ::     0.000010 sec
W20260702 13:27:45.234149 126721231788352 simple_timer.cpp:55] SQLite3 generation :: rocpd kernel info        ::     0.151876 sec
W20260702 13:27:45.234160 126721231788352 simple_timer.cpp:55] SQLite3 generation :: rocpd_region             ::     0.000001 sec
W20260702 13:27:45.251734 126721231788352 simple_timer.cpp:55] SQLite3 generation :: rocpd_kernel_dispatch    ::     0.017571 sec
W20260702 13:27:45.251741 126721231788352 simple_timer.cpp:55] SQLite3 generation :: rocpd_pmc_event          ::     0.000000 sec
W20260702 13:27:45.251743 126721231788352 simple_timer.cpp:55] SQLite3 generation :: rocpd_memory_copy        ::     0.000000 sec
W20260702 13:27:45.251745 126721231788352 simple_timer.cpp:55] SQLite3 generation :: rocpd_memory_allocate    ::     0.000001 sec
W20260702 13:27:45.251854 126721231788352 simple_timer.cpp:55] SQLite3 generation :: SQL indexing             ::     0.000107 sec
W20260702 13:27:45.256777 126721231788352 simple_timer.cpp:55] SQLite3 generation :: total                    ::     0.680261 sec
W20260702 13:27:45.258443 126721231788352 simple_timer.cpp:55] [rocprofv3] output generation ::     0.721010 sec
W20260702 13:27:45.259853 126721231788352 simple_timer.cpp:55] [rocprofv3] tool finalization ::     0.722468 sec
kernel-trace-stats exit status: 0
