Collected files for final artifact:
perf_logs/mha_flydsl_varlen_nh32_s8192_thread_trace/mha_flydsl_varlen_b1_nh32_sq8192_sk8192_causal_lse_thread_trace/flydsl_dump/fmha_fwd_kernel_0/00_origin.mlir
perf_logs/mha_flydsl_varlen_nh32_s8192_thread_trace/mha_flydsl_varlen_b1_nh32_sq8192_sk8192_causal_lse_thread_trace/flydsl_dump/fmha_fwd_kernel_0/01_fly_rewrite_func_signature.mlir
perf_logs/mha_flydsl_varlen_nh32_s8192_thread_trace/mha_flydsl_varlen_b1_nh32_sq8192_sk8192_causal_lse_thread_trace/flydsl_dump/fmha_fwd_kernel_0/02_fly_canonicalize.mlir
perf_logs/mha_flydsl_varlen_nh32_s8192_thread_trace/mha_flydsl_varlen_b1_nh32_sq8192_sk8192_causal_lse_thread_trace/flydsl_dump/fmha_fwd_kernel_0/03_fly_layout_lowering.mlir
perf_logs/mha_flydsl_varlen_nh32_s8192_thread_trace/mha_flydsl_varlen_b1_nh32_sq8192_sk8192_causal_lse_thread_trace/flydsl_dump/fmha_fwd_kernel_0/04_fly_int_swizzle_simplify.mlir
perf_logs/mha_flydsl_varlen_nh32_s8192_thread_trace/mha_flydsl_varlen_b1_nh32_sq8192_sk8192_causal_lse_thread_trace/flydsl_dump/fmha_fwd_kernel_0/05_canonicalize.mlir
perf_logs/mha_flydsl_varlen_nh32_s8192_thread_trace/mha_flydsl_varlen_b1_nh32_sq8192_sk8192_causal_lse_thread_trace/flydsl_dump/fmha_fwd_kernel_0/06_fly_convert_atom_call_to_ssa_form.mlir
perf_logs/mha_flydsl_varlen_nh32_s8192_thread_trace/mha_flydsl_varlen_b1_nh32_sq8192_sk8192_causal_lse_thread_trace/flydsl_dump/fmha_fwd_kernel_0/07_fly_promote_regmem_to_vectorssa.mlir
perf_logs/mha_flydsl_varlen_nh32_s8192_thread_trace/mha_flydsl_varlen_b1_nh32_sq8192_sk8192_causal_lse_thread_trace/flydsl_dump/fmha_fwd_kernel_0/08_convert_fly_to_rocdl.mlir
perf_logs/mha_flydsl_varlen_nh32_s8192_thread_trace/mha_flydsl_varlen_b1_nh32_sq8192_sk8192_causal_lse_thread_trace/flydsl_dump/fmha_fwd_kernel_0/09_canonicalize.mlir
perf_logs/mha_flydsl_varlen_nh32_s8192_thread_trace/mha_flydsl_varlen_b1_nh32_sq8192_sk8192_causal_lse_thread_trace/flydsl_dump/fmha_fwd_kernel_0/10_convert_scf_to_cf_cse_convert_gpu_to_rocdl.mlir
perf_logs/mha_flydsl_varlen_nh32_s8192_thread_trace/mha_flydsl_varlen_b1_nh32_sq8192_sk8192_causal_lse_thread_trace/flydsl_dump/fmha_fwd_kernel_0/11_rocdl_attach_target.mlir
perf_logs/mha_flydsl_varlen_nh32_s8192_thread_trace/mha_flydsl_varlen_b1_nh32_sq8192_sk8192_causal_lse_thread_trace/flydsl_dump/fmha_fwd_kernel_0/12_convert_scf_to_cf.mlir
perf_logs/mha_flydsl_varlen_nh32_s8192_thread_trace/mha_flydsl_varlen_b1_nh32_sq8192_sk8192_causal_lse_thread_trace/flydsl_dump/fmha_fwd_kernel_0/13_convert_cf_to_llvm.mlir
perf_logs/mha_flydsl_varlen_nh32_s8192_thread_trace/mha_flydsl_varlen_b1_nh32_sq8192_sk8192_causal_lse_thread_trace/flydsl_dump/fmha_fwd_kernel_0/14_gpu_to_llvm.mlir
perf_logs/mha_flydsl_varlen_nh32_s8192_thread_trace/mha_flydsl_varlen_b1_nh32_sq8192_sk8192_causal_lse_thread_trace/flydsl_dump/fmha_fwd_kernel_0/15_convert_vector_to_llvm.mlir
perf_logs/mha_flydsl_varlen_nh32_s8192_thread_trace/mha_flydsl_varlen_b1_nh32_sq8192_sk8192_causal_lse_thread_trace/flydsl_dump/fmha_fwd_kernel_0/16_convert_arith_to_llvm.mlir
perf_logs/mha_flydsl_varlen_nh32_s8192_thread_trace/mha_flydsl_varlen_b1_nh32_sq8192_sk8192_causal_lse_thread_trace/flydsl_dump/fmha_fwd_kernel_0/17_convert_func_to_llvm.mlir
perf_logs/mha_flydsl_varlen_nh32_s8192_thread_trace/mha_flydsl_varlen_b1_nh32_sq8192_sk8192_causal_lse_thread_trace/flydsl_dump/fmha_fwd_kernel_0/18_reconcile_unrealized_casts.mlir
perf_logs/mha_flydsl_varlen_nh32_s8192_thread_trace/mha_flydsl_varlen_b1_nh32_sq8192_sk8192_causal_lse_thread_trace/flydsl_dump/fmha_fwd_kernel_0/19_gpu_module_to_binary.mlir
perf_logs/mha_flydsl_varlen_nh32_s8192_thread_trace/mha_flydsl_varlen_b1_nh32_sq8192_sk8192_causal_lse_thread_trace/flydsl_dump/fmha_fwd_kernel_0/20_llvm_ir.ll
perf_logs/mha_flydsl_varlen_nh32_s8192_thread_trace/mha_flydsl_varlen_b1_nh32_sq8192_sk8192_causal_lse_thread_trace/flydsl_dump/fmha_fwd_kernel_0/21_final_isa.s
perf_logs/mha_flydsl_varlen_nh32_s8192_thread_trace/mha_flydsl_varlen_b1_nh32_sq8192_sk8192_causal_lse_thread_trace/input.yaml
perf_logs/mha_flydsl_varlen_nh32_s8192_thread_trace/mha_flydsl_varlen_b1_nh32_sq8192_sk8192_causal_lse_thread_trace/kernel_trace/heliosr-2b805-b8-2/5423_results.db
perf_logs/mha_flydsl_varlen_nh32_s8192_thread_trace/mha_flydsl_varlen_b1_nh32_sq8192_sk8192_causal_lse_thread_trace/kernel_trace_summary.txt
perf_logs/mha_flydsl_varlen_nh32_s8192_thread_trace/mha_flydsl_varlen_b1_nh32_sq8192_sk8192_causal_lse_thread_trace/logs/01_kernel_trace_stats.log
perf_logs/mha_flydsl_varlen_nh32_s8192_thread_trace/mha_flydsl_varlen_b1_nh32_sq8192_sk8192_causal_lse_thread_trace/logs/02_select_kernel.log
perf_logs/mha_flydsl_varlen_nh32_s8192_thread_trace/mha_flydsl_varlen_b1_nh32_sq8192_sk8192_causal_lse_thread_trace/logs/03_prewarm_flydsl_cache.log
perf_logs/mha_flydsl_varlen_nh32_s8192_thread_trace/mha_flydsl_varlen_b1_nh32_sq8192_sk8192_causal_lse_thread_trace/logs/04_thread_trace.log
perf_logs/mha_flydsl_varlen_nh32_s8192_thread_trace/mha_flydsl_varlen_b1_nh32_sq8192_sk8192_causal_lse_thread_trace/logs/environment.log
perf_logs/mha_flydsl_varlen_nh32_s8192_thread_trace/mha_flydsl_varlen_b1_nh32_sq8192_sk8192_causal_lse_thread_trace/logs/trace_decoder.log
perf_logs/mha_flydsl_varlen_nh32_s8192_thread_trace/mha_flydsl_varlen_b1_nh32_sq8192_sk8192_causal_lse_thread_trace/selected_kernel.env
